This file contains any messages produced by compilers while
running configure, to aid debugging if configure makes a mistake.

It was created by helloworld configure 0.1, which was
generated by GNU Autoconf 2.69.  Invocation command line was

  $ ./configure 

## --------- ##
## Platform. ##
## --------- ##

hostname = subcontinent.com
uname -m = x86_64
uname -r = 4.6.1-2-ARCH
uname -s = Linux
uname -v = #1 SMP PREEMPT Thu Jun 2 15:46:17 CEST 2016

/usr/bin/uname -p = unknown
/bin/uname -X     = unknown

/bin/arch              = unknown
/usr/bin/arch -k       = unknown
/usr/convex/getsysinfo = unknown
/usr/bin/hostinfo      = unknown
/bin/machine           = unknown
/usr/bin/oslevel       = unknown
/bin/universe          = unknown

PATH: /home/jhkim012/.gem/ruby/2.3.0/bin
PATH: /home/jhkim012/.npm/bin
PATH: /usr/local/aws/bin
PATH: /usr/local/sbin
PATH: /usr/local/bin
PATH: /usr/bin
PATH: /usr/lib/jvm/default/bin
PATH: /usr/bin/site_perl
PATH: /usr/bin/vendor_perl
PATH: /usr/bin/core_perl


## ----------- ##
## Core tests. ##
## ----------- ##

configure:1873: checking for a BSD-compatible install
configure:1941: result: /usr/bin/install -c
configure:1952: checking whether build environment is sane
configure:2007: result: yes
configure:2158: checking for a thread-safe mkdir -p
configure:2197: result: /usr/bin/mkdir -p
configure:2204: checking for gawk
configure:2220: found /usr/bin/gawk
configure:2231: result: gawk
configure:2242: checking whether make sets $(MAKE)
configure:2264: result: yes
configure:2293: checking whether make supports nested variables
configure:2310: result: yes
configure:2448: checking for style of include used by make
configure:2476: result: GNU
configure:2557: checking for g++
configure:2573: found /usr/bin/g++
configure:2584: result: g++
configure:2611: checking for C++ compiler version
configure:2620: g++ --version >&5
g++ (GCC) 6.1.1 20160501
Copyright (C) 2016 Free Software Foundation, Inc.
This is free software; see the source for copying conditions.  There is NO
warranty; not even for MERCHANTABILITY or FITNESS FOR A PARTICULAR PURPOSE.

configure:2631: $? = 0
configure:2620: g++ -v >&5
Using built-in specs.
COLLECT_GCC=g++
COLLECT_LTO_WRAPPER=/usr/lib/gcc/x86_64-pc-linux-gnu/6.1.1/lto-wrapper
Target: x86_64-pc-linux-gnu
Configured with: /build/gcc/src/gcc/configure --prefix=/usr --libdir=/usr/lib --libexecdir=/usr/lib --mandir=/usr/share/man --infodir=/usr/share/info --with-bugurl=https://bugs.archlinux.org/ --enable-languages=c,c++,ada,fortran,go,lto,objc,obj-c++ --enable-shared --enable-threads=posix --enable-libmpx --with-system-zlib --with-isl --enable-__cxa_atexit --disable-libunwind-exceptions --enable-clocale=gnu --disable-libstdcxx-pch --disable-libssp --enable-gnu-unique-object --enable-linker-build-id --enable-lto --enable-plugin --enable-install-libiberty --with-linker-hash-style=gnu --enable-gnu-indirect-function --disable-multilib --disable-werror --enable-checking=release
Thread model: posix
gcc version 6.1.1 20160501 (GCC) 
configure:2631: $? = 0
configure:2620: g++ -V >&5
g++: error: unrecognized command line option '-V'
g++: fatal error: no input files
compilation terminated.
configure:2631: $? = 1
configure:2620: g++ -qversion >&5
g++: error: unrecognized command line option '-qversion'; did you mean '--version'?
g++: fatal error: no input files
compilation terminated.
configure:2631: $? = 1
configure:2651: checking whether the C++ compiler works
configure:2673: g++    conftest.cpp  >&5
configure:2677: $? = 0
configure:2725: result: yes
configure:2728: checking for C++ compiler default output file name
configure:2730: result: a.out
configure:2736: checking for suffix of executables
configure:2743: g++ -o conftest    conftest.cpp  >&5
configure:2747: $? = 0
configure:2769: result: 
configure:2791: checking whether we are cross compiling
configure:2799: g++ -o conftest    conftest.cpp  >&5
configure:2803: $? = 0
configure:2810: ./conftest
configure:2814: $? = 0
configure:2829: result: no
configure:2834: checking for suffix of object files
configure:2856: g++ -c   conftest.cpp >&5
configure:2860: $? = 0
configure:2881: result: o
configure:2885: checking whether we are using the GNU C++ compiler
configure:2904: g++ -c   conftest.cpp >&5
configure:2904: $? = 0
configure:2913: result: yes
configure:2922: checking whether g++ accepts -g
configure:2942: g++ -c -g  conftest.cpp >&5
configure:2942: $? = 0
configure:2983: result: yes
configure:3008: checking dependency style of g++
configure:3119: result: gcc3
configure:3139: checking how to run the C++ preprocessor
configure:3166: g++ -E  conftest.cpp
configure:3166: $? = 0
configure:3180: g++ -E  conftest.cpp
conftest.cpp:11:28: fatal error: ac_nonexistent.h: No such file or directory
 #include <ac_nonexistent.h>
                            ^
compilation terminated.
configure:3180: $? = 1
configure: failed program was:
| /* confdefs.h */
| #define PACKAGE_NAME "helloworld"
| #define PACKAGE_TARNAME "helloworld"
| #define PACKAGE_VERSION "0.1"
| #define PACKAGE_STRING "helloworld 0.1"
| #define PACKAGE_BUGREPORT "james@firstbuild.com"
| #define PACKAGE_URL ""
| #define PACKAGE "helloworld"
| #define VERSION "0.1"
| /* end confdefs.h.  */
| #include <ac_nonexistent.h>
configure:3205: result: g++ -E
configure:3225: g++ -E  conftest.cpp
configure:3225: $? = 0
configure:3239: g++ -E  conftest.cpp
conftest.cpp:11:28: fatal error: ac_nonexistent.h: No such file or directory
 #include <ac_nonexistent.h>
                            ^
compilation terminated.
configure:3239: $? = 1
configure: failed program was:
| /* confdefs.h */
| #define PACKAGE_NAME "helloworld"
| #define PACKAGE_TARNAME "helloworld"
| #define PACKAGE_VERSION "0.1"
| #define PACKAGE_STRING "helloworld 0.1"
| #define PACKAGE_BUGREPORT "james@firstbuild.com"
| #define PACKAGE_URL ""
| #define PACKAGE "helloworld"
| #define VERSION "0.1"
| /* end confdefs.h.  */
| #include <ac_nonexistent.h>
configure:3414: checking that generated files are newer than configure
configure:3420: result: done
configure:3443: creating ./config.status

## ---------------------- ##
## Running config.status. ##
## ---------------------- ##

This file was extended by helloworld config.status 0.1, which was
generated by GNU Autoconf 2.69.  Invocation command line was

  CONFIG_FILES    = 
  CONFIG_HEADERS  = 
  CONFIG_LINKS    = 
  CONFIG_COMMANDS = 
  $ ./config.status 

on subcontinent.com

config.status:773: creating Makefile
config.status:945: executing depfiles commands

## ---------------- ##
## Cache variables. ##
## ---------------- ##

ac_cv_cxx_compiler_gnu=yes
ac_cv_env_CCC_set=
ac_cv_env_CCC_value=
ac_cv_env_CPPFLAGS_set=
ac_cv_env_CPPFLAGS_value=
ac_cv_env_CXXCPP_set=
ac_cv_env_CXXCPP_value=
ac_cv_env_CXXFLAGS_set=
ac_cv_env_CXXFLAGS_value=
ac_cv_env_CXX_set=
ac_cv_env_CXX_value=
ac_cv_env_LDFLAGS_set=
ac_cv_env_LDFLAGS_value=
ac_cv_env_LIBS_set=
ac_cv_env_LIBS_value=
ac_cv_env_build_alias_set=
ac_cv_env_build_alias_value=
ac_cv_env_host_alias_set=
ac_cv_env_host_alias_value=
ac_cv_env_target_alias_set=
ac_cv_env_target_alias_value=
ac_cv_objext=o
ac_cv_path_install='/usr/bin/install -c'
ac_cv_path_mkdir=/usr/bin/mkdir
ac_cv_prog_AWK=gawk
ac_cv_prog_CXXCPP='g++ -E'
ac_cv_prog_ac_ct_CXX=g++
ac_cv_prog_cxx_g=yes
ac_cv_prog_make_make_set=yes
am_cv_CXX_dependencies_compiler_type=gcc3
am_cv_make_support_nested_variables=yes

## ----------------- ##
## Output variables. ##
## ----------------- ##

ACLOCAL='${SHELL} /home/jhkim012/GitRepo/travis-testing/HashTable/missing aclocal-1.15'
AMDEPBACKSLASH='\'
AMDEP_FALSE='#'
AMDEP_TRUE=''
AMTAR='$${TAR-tar}'
AM_BACKSLASH='\'
AM_DEFAULT_V='$(AM_DEFAULT_VERBOSITY)'
AM_DEFAULT_VERBOSITY='1'
AM_V='$(V)'
AUTOCONF='${SHELL} /home/jhkim012/GitRepo/travis-testing/HashTable/missing autoconf'
AUTOHEADER='${SHELL} /home/jhkim012/GitRepo/travis-testing/HashTable/missing autoheader'
AUTOMAKE='${SHELL} /home/jhkim012/GitRepo/travis-testing/HashTable/missing automake-1.15'
AWK='gawk'
CPPFLAGS=''
CXX='g++'
CXXCPP='g++ -E'
CXXDEPMODE='depmode=gcc3'
CXXFLAGS='-g -O2'
CYGPATH_W='echo'
DEFS='-DPACKAGE_NAME=\"helloworld\" -DPACKAGE_TARNAME=\"helloworld\" -DPACKAGE_VERSION=\"0.1\" -DPACKAGE_STRING=\"helloworld\ 0.1\" -DPACKAGE_BUGREPORT=\"james@firstbuild.com\" -DPACKAGE_URL=\"\" -DPACKAGE=\"helloworld\" -DVERSION=\"0.1\"'
DEPDIR='.deps'
ECHO_C=''
ECHO_N='-n'
ECHO_T=''
EXEEXT=''
INSTALL_DATA='${INSTALL} -m 644'
INSTALL_PROGRAM='${INSTALL}'
INSTALL_SCRIPT='${INSTALL}'
INSTALL_STRIP_PROGRAM='$(install_sh) -c -s'
LDFLAGS=''
LIBOBJS=''
LIBS=''
LTLIBOBJS=''
MAKEINFO='${SHELL} /home/jhkim012/GitRepo/travis-testing/HashTable/missing makeinfo'
MKDIR_P='/usr/bin/mkdir -p'
OBJEXT='o'
PACKAGE='helloworld'
PACKAGE_BUGREPORT='james@firstbuild.com'
PACKAGE_NAME='helloworld'
PACKAGE_STRING='helloworld 0.1'
PACKAGE_TARNAME='helloworld'
PACKAGE_URL=''
PACKAGE_VERSION='0.1'
PATH_SEPARATOR=':'
SET_MAKE=''
SHELL='/bin/sh'
STRIP=''
VERSION='0.1'
ac_ct_CXX='g++'
am__EXEEXT_FALSE=''
am__EXEEXT_TRUE='#'
am__fastdepCXX_FALSE='#'
am__fastdepCXX_TRUE=''
am__include='include'
am__isrc=''
am__leading_dot='.'
am__nodep='_no'
am__quote=''
am__tar='$${TAR-tar} chof - "$$tardir"'
am__untar='$${TAR-tar} xf -'
bindir='${exec_prefix}/bin'
build_alias=''
datadir='${datarootdir}'
datarootdir='${prefix}/share'
docdir='${datarootdir}/doc/${PACKAGE_TARNAME}'
dvidir='${docdir}'
exec_prefix='${prefix}'
host_alias=''
htmldir='${docdir}'
includedir='${prefix}/include'
infodir='${datarootdir}/info'
install_sh='${SHELL} /home/jhkim012/GitRepo/travis-testing/HashTable/install-sh'
libdir='${exec_prefix}/lib'
libexecdir='${exec_prefix}/libexec'
localedir='${datarootdir}/locale'
localstatedir='${prefix}/var'
mandir='${datarootdir}/man'
mkdir_p='$(MKDIR_P)'
oldincludedir='/usr/include'
pdfdir='${docdir}'
prefix='/usr/local'
program_transform_name='s,x,x,'
psdir='${docdir}'
sbindir='${exec_prefix}/sbin'
sharedstatedir='${prefix}/com'
sysconfdir='${prefix}/etc'
target_alias=''

## ----------- ##
## confdefs.h. ##
## ----------- ##

/* confdefs.h */
#define PACKAGE_NAME "helloworld"
#define PACKAGE_TARNAME "helloworld"
#define PACKAGE_VERSION "0.1"
#define PACKAGE_STRING "helloworld 0.1"
#define PACKAGE_BUGREPORT "james@firstbuild.com"
#define PACKAGE_URL ""
#define PACKAGE "helloworld"
#define VERSION "0.1"

configure: exit 0
